node:events:496
      throw er; // Unhandled 'error' event
      ^

Error [ERR_STREAM_WRITE_AFTER_END]: write after end
    at ServerResponse.end (node:_http_outgoing:1097:15)
    at Server.<anonymous> (D:\Repositories\GitHub\feishin-bridge\main.js:23:13)
    at Server.emit (node:events:518:28)
    at parserOnIncoming (node:_http_server:1153:12)
    at HTTPParser.parserOnHeadersComplete (node:_http_common:117:17)
Emitted 'error' event on ServerResponse instance at:
    at emitErrorNt (node:_http_outgoing:927:9)
    at process.processTicksAndRejections (node:internal/process/task_queues:91:21) {
  code: 'ERR_STREAM_WRITE_AFTER_END'
}

Node.js v22.16.0
node:events:496
      throw er; // Unhandled 'error' event
      ^

Error [ERR_STREAM_WRITE_AFTER_END]: write after end
    at ServerResponse.end (node:_http_outgoing:1097:15)
    at Server.<anonymous> (D:\Repositories\GitHub\feishin-bridge\main.js:23:13)
    at Server.emit (node:events:518:28)
    at parserOnIncoming (node:_http_server:1153:12)
    at HTTPParser.parserOnHeadersComplete (node:_http_common:117:17)
Emitted 'error' event on ServerResponse instance at:
    at emitErrorNt (node:_http_outgoing:927:9)
    at process.processTicksAndRejections (node:internal/process/task_queues:91:21) {
  code: 'ERR_STREAM_WRITE_AFTER_END'
}

Node.js v22.16.0
node:events:496
      throw er; // Unhandled 'error' event
      ^

Error [ERR_STREAM_WRITE_AFTER_END]: write after end
    at ServerResponse.end (node:_http_outgoing:1097:15)
    at Server.<anonymous> (D:\Repositories\GitHub\feishin-bridge\main.js:23:13)
    at Server.emit (node:events:518:28)
    at parserOnIncoming (node:_http_server:1153:12)
    at HTTPParser.parserOnHeadersComplete (node:_http_common:117:17)
Emitted 'error' event on ServerResponse instance at:
    at emitErrorNt (node:_http_outgoing:927:9)
    at process.processTicksAndRejections (node:internal/process/task_queues:91:21) {
  code: 'ERR_STREAM_WRITE_AFTER_END'
}

Node.js v22.16.0
node:events:496
      throw er; // Unhandled 'error' event
      ^

Error [ERR_STREAM_WRITE_AFTER_END]: write after end
    at ServerResponse.end (node:_http_outgoing:1097:15)
    at Server.<anonymous> (D:\Repositories\GitHub\feishin-bridge\main.js:23:13)
    at Server.emit (node:events:518:28)
    at parserOnIncoming (node:_http_server:1153:12)
    at HTTPParser.parserOnHeadersComplete (node:_http_common:117:17)
Emitted 'error' event on ServerResponse instance at:
    at emitErrorNt (node:_http_outgoing:927:9)
    at process.processTicksAndRejections (node:internal/process/task_queues:91:21) {
  code: 'ERR_STREAM_WRITE_AFTER_END'
}

Node.js v22.16.0
node:events:496
      throw er; // Unhandled 'error' event
      ^

Error [ERR_STREAM_WRITE_AFTER_END]: write after end
    at ServerResponse.end (node:_http_outgoing:1097:15)
    at Server.<anonymous> (D:\Repositories\GitHub\feishin-bridge\main.js:23:13)
    at Server.emit (node:events:518:28)
    at parserOnIncoming (node:_http_server:1153:12)
    at HTTPParser.parserOnHeadersComplete (node:_http_common:117:17)
Emitted 'error' event on ServerResponse instance at:
    at emitErrorNt (node:_http_outgoing:927:9)
    at process.processTicksAndRejections (node:internal/process/task_queues:91:21) {
  code: 'ERR_STREAM_WRITE_AFTER_END'
}

Node.js v22.16.0
node:events:496
      throw er; // Unhandled 'error' event
      ^

Error [ERR_STREAM_WRITE_AFTER_END]: write after end
    at ServerResponse.end (node:_http_outgoing:1097:15)
    at Server.<anonymous> (D:\Repositories\GitHub\feishin-bridge\main.js:23:13)
    at Server.emit (node:events:518:28)
    at parserOnIncoming (node:_http_server:1153:12)
    at HTTPParser.parserOnHeadersComplete (node:_http_common:117:17)
Emitted 'error' event on ServerResponse instance at:
    at emitErrorNt (node:_http_outgoing:927:9)
    at process.processTicksAndRejections (node:internal/process/task_queues:91:21) {
  code: 'ERR_STREAM_WRITE_AFTER_END'
}

Node.js v22.16.0
node:events:496
      throw er; // Unhandled 'error' event
      ^

Error [ERR_STREAM_WRITE_AFTER_END]: write after end
    at ServerResponse.end (node:_http_outgoing:1097:15)
    at Server.<anonymous> (D:\Repositories\GitHub\feishin-bridge\main.js:23:13)
    at Server.emit (node:events:518:28)
    at parserOnIncoming (node:_http_server:1153:12)
    at HTTPParser.parserOnHeadersComplete (node:_http_common:117:17)
Emitted 'error' event on ServerResponse instance at:
    at emitErrorNt (node:_http_outgoing:927:9)
    at process.processTicksAndRejections (node:internal/process/task_queues:91:21) {
  code: 'ERR_STREAM_WRITE_AFTER_END'
}

Node.js v22.16.0
node:events:496
      throw er; // Unhandled 'error' event
      ^

Error [ERR_STREAM_WRITE_AFTER_END]: write after end
    at ServerResponse.end (node:_http_outgoing:1097:15)
    at Server.<anonymous> (D:\Repositories\GitHub\feishin-bridge\main.js:23:13)
    at Server.emit (node:events:518:28)
    at parserOnIncoming (node:_http_server:1153:12)
    at HTTPParser.parserOnHeadersComplete (node:_http_common:117:17)
Emitted 'error' event on ServerResponse instance at:
    at emitErrorNt (node:_http_outgoing:927:9)
    at process.processTicksAndRejections (node:internal/process/task_queues:91:21) {
  code: 'ERR_STREAM_WRITE_AFTER_END'
}

Node.js v22.16.0
node:events:496
      throw er; // Unhandled 'error' event
      ^

Error [ERR_STREAM_WRITE_AFTER_END]: write after end
    at ServerResponse.end (node:_http_outgoing:1097:15)
    at Server.<anonymous> (D:\Repositories\GitHub\feishin-bridge\main.js:23:13)
    at Server.emit (node:events:518:28)
    at parserOnIncoming (node:_http_server:1153:12)
    at HTTPParser.parserOnHeadersComplete (node:_http_common:117:17)
Emitted 'error' event on ServerResponse instance at:
    at emitErrorNt (node:_http_outgoing:927:9)
    at process.processTicksAndRejections (node:internal/process/task_queues:91:21) {
  code: 'ERR_STREAM_WRITE_AFTER_END'
}

Node.js v22.16.0
node:events:496
      throw er; // Unhandled 'error' event
      ^

Error [ERR_STREAM_WRITE_AFTER_END]: write after end
    at ServerResponse.end (node:_http_outgoing:1097:15)
    at Server.<anonymous> (D:\Repositories\GitHub\feishin-bridge\main.js:23:13)
    at Server.emit (node:events:518:28)
    at parserOnIncoming (node:_http_server:1153:12)
    at HTTPParser.parserOnHeadersComplete (node:_http_common:117:17)
Emitted 'error' event on ServerResponse instance at:
    at emitErrorNt (node:_http_outgoing:927:9)
    at process.processTicksAndRejections (node:internal/process/task_queues:91:21) {
  code: 'ERR_STREAM_WRITE_AFTER_END'
}

Node.js v22.16.0
node:events:496
      throw er; // Unhandled 'error' event
      ^

Error [ERR_STREAM_WRITE_AFTER_END]: write after end
    at ServerResponse.end (node:_http_outgoing:1097:15)
    at Server.<anonymous> (D:\Repositories\GitHub\feishin-bridge\main.js:23:13)
    at Server.emit (node:events:518:28)
    at parserOnIncoming (node:_http_server:1153:12)
    at HTTPParser.parserOnHeadersComplete (node:_http_common:117:17)
Emitted 'error' event on ServerResponse instance at:
    at emitErrorNt (node:_http_outgoing:927:9)
    at process.processTicksAndRejections (node:internal/process/task_queues:91:21) {
  code: 'ERR_STREAM_WRITE_AFTER_END'
}

Node.js v22.16.0
node:events:496
      throw er; // Unhandled 'error' event
      ^

Error [ERR_STREAM_WRITE_AFTER_END]: write after end
    at ServerResponse.end (node:_http_outgoing:1097:15)
    at Server.<anonymous> (D:\Repositories\GitHub\feishin-bridge\main.js:23:13)
    at Server.emit (node:events:518:28)
    at parserOnIncoming (node:_http_server:1153:12)
    at HTTPParser.parserOnHeadersComplete (node:_http_common:117:17)
Emitted 'error' event on ServerResponse instance at:
    at emitErrorNt (node:_http_outgoing:927:9)
    at process.processTicksAndRejections (node:internal/process/task_queues:91:21) {
  code: 'ERR_STREAM_WRITE_AFTER_END'
}

Node.js v22.16.0
node:events:496
      throw er; // Unhandled 'error' event
      ^

Error [ERR_STREAM_WRITE_AFTER_END]: write after end
    at ServerResponse.end (node:_http_outgoing:1097:15)
    at Server.<anonymous> (D:\Repositories\GitHub\feishin-bridge\main.js:23:13)
    at Server.emit (node:events:518:28)
    at parserOnIncoming (node:_http_server:1153:12)
    at HTTPParser.parserOnHeadersComplete (node:_http_common:117:17)
Emitted 'error' event on ServerResponse instance at:
    at emitErrorNt (node:_http_outgoing:927:9)
    at process.processTicksAndRejections (node:internal/process/task_queues:91:21) {
  code: 'ERR_STREAM_WRITE_AFTER_END'
}

Node.js v22.16.0
node:events:496
      throw er; // Unhandled 'error' event
      ^

Error [ERR_STREAM_WRITE_AFTER_END]: write after end
    at ServerResponse.end (node:_http_outgoing:1097:15)
    at Server.<anonymous> (D:\Repositories\GitHub\feishin-bridge\main.js:23:13)
    at Server.emit (node:events:518:28)
    at parserOnIncoming (node:_http_server:1153:12)
    at HTTPParser.parserOnHeadersComplete (node:_http_common:117:17)
Emitted 'error' event on ServerResponse instance at:
    at emitErrorNt (node:_http_outgoing:927:9)
    at process.processTicksAndRejections (node:internal/process/task_queues:91:21) {
  code: 'ERR_STREAM_WRITE_AFTER_END'
}

Node.js v22.16.0
node:events:496
      throw er; // Unhandled 'error' event
      ^

Error [ERR_STREAM_WRITE_AFTER_END]: write after end
    at ServerResponse.end (node:_http_outgoing:1097:15)
    at Server.<anonymous> (D:\Repositories\GitHub\feishin-bridge\main.js:23:13)
    at Server.emit (node:events:518:28)
    at parserOnIncoming (node:_http_server:1153:12)
    at HTTPParser.parserOnHeadersComplete (node:_http_common:117:17)
Emitted 'error' event on ServerResponse instance at:
    at emitErrorNt (node:_http_outgoing:927:9)
    at process.processTicksAndRejections (node:internal/process/task_queues:91:21) {
  code: 'ERR_STREAM_WRITE_AFTER_END'
}

Node.js v22.16.0
node:events:496
      throw er; // Unhandled 'error' event
      ^

Error [ERR_STREAM_WRITE_AFTER_END]: write after end
    at ServerResponse.end (node:_http_outgoing:1097:15)
    at Server.<anonymous> (D:\Repositories\GitHub\feishin-bridge\main.js:23:13)
    at Server.emit (node:events:518:28)
    at parserOnIncoming (node:_http_server:1153:12)
    at HTTPParser.parserOnHeadersComplete (node:_http_common:117:17)
Emitted 'error' event on ServerResponse instance at:
    at emitErrorNt (node:_http_outgoing:927:9)
    at process.processTicksAndRejections (node:internal/process/task_queues:91:21) {
  code: 'ERR_STREAM_WRITE_AFTER_END'
}

Node.js v22.16.0
node:events:496
      throw er; // Unhandled 'error' event
      ^

Error [ERR_STREAM_WRITE_AFTER_END]: write after end
    at ServerResponse.end (node:_http_outgoing:1097:15)
    at Server.<anonymous> (D:\Repositories\GitHub\feishin-bridge\main.js:23:13)
    at Server.emit (node:events:518:28)
    at parserOnIncoming (node:_http_server:1153:12)
    at HTTPParser.parserOnHeadersComplete (node:_http_common:117:17)
Emitted 'error' event on ServerResponse instance at:
    at emitErrorNt (node:_http_outgoing:927:9)
    at process.processTicksAndRejections (node:internal/process/task_queues:91:21) {
  code: 'ERR_STREAM_WRITE_AFTER_END'
}

Node.js v22.16.0
node:events:496
      throw er; // Unhandled 'error' event
      ^

Error [ERR_STREAM_WRITE_AFTER_END]: write after end
    at ServerResponse.end (node:_http_outgoing:1097:15)
    at Server.<anonymous> (D:\Repositories\GitHub\feishin-bridge\main.js:23:13)
    at Server.emit (node:events:518:28)
    at parserOnIncoming (node:_http_server:1153:12)
    at HTTPParser.parserOnHeadersComplete (node:_http_common:117:17)
Emitted 'error' event on ServerResponse instance at:
    at emitErrorNt (node:_http_outgoing:927:9)
    at process.processTicksAndRejections (node:internal/process/task_queues:91:21) {
  code: 'ERR_STREAM_WRITE_AFTER_END'
}

Node.js v22.16.0
node:events:496
      throw er; // Unhandled 'error' event
      ^

Error [ERR_STREAM_WRITE_AFTER_END]: write after end
    at ServerResponse.end (node:_http_outgoing:1097:15)
    at Server.<anonymous> (D:\Repositories\GitHub\feishin-bridge\main.js:23:13)
    at Server.emit (node:events:518:28)
    at parserOnIncoming (node:_http_server:1153:12)
    at HTTPParser.parserOnHeadersComplete (node:_http_common:117:17)
Emitted 'error' event on ServerResponse instance at:
    at emitErrorNt (node:_http_outgoing:927:9)
    at process.processTicksAndRejections (node:internal/process/task_queues:91:21) {
  code: 'ERR_STREAM_WRITE_AFTER_END'
}

Node.js v22.16.0
